
> ipd-platform-frontend@1.0.0 build D:\xuexiaojun\QClawWorkspace\IPD-ProjectPlatform\src\frontend
> vite build

[36mvite v5.4.21 [32mbuilding for production...[36m[39m
transforming...
[32m✓[39m 307 modules transformed.
[31mx[39m Build failed in 1.03s
[31merror during build:
[31m[vite:vue] [plugin vite:vue] src/views/Sprints.vue (13:46): Attribute name cannot contain U+0022 ("), U+0027 ('), and U+003C (<).[31m
file: [36mD:/xuexiaojun/QClawWorkspace/IPD-ProjectPlatform/src/frontend/src/views/Sprints.vue:13:46[31m
SyntaxError: [plugin vite:vue] src/views/Sprints.vue (13:46): Attribute name cannot contain U+0022 ("), U+0027 ('), and U+003C (<).
    at createCompilerError (D:\xuexiaojun\QClawWorkspace\IPD-ProjectPlatform\src\frontend\node_modules\.pnpm\@vue+compiler-core@3.5.32\node_modules\@vue\compiler-core\dist\compiler-core.cjs.prod.js:1374:17)
    at Object.emitError [as onerr] (D:\xuexiaojun\QClawWorkspace\IPD-ProjectPlatform\src\frontend\node_modules\.pnpm\@vue+compiler-core@3.5.32\node_modules\@vue\compiler-core\dist\compiler-core.cjs.prod.js:2980:5)
    at Tokenizer.stateInAttrName (D:\xuexiaojun\QClawWorkspace\IPD-ProjectPlatform\src\frontend\node_modules\.pnpm\@vue+compiler-core@3.5.32\node_modules\@vue\compiler-core\dist\compiler-core.cjs.prod.js:868:16)
    at Tokenizer.parse (D:\xuexiaojun\QClawWorkspace\IPD-ProjectPlatform\src\frontend\node_modules\.pnpm\@vue+compiler-core@3.5.32\node_modules\@vue\compiler-core\dist\compiler-core.cjs.prod.js:1117:16)
    at Object.baseParse (D:\xuexiaojun\QClawWorkspace\IPD-ProjectPlatform\src\frontend\node_modules\.pnpm\@vue+compiler-core@3.5.32\node_modules\@vue\compiler-core\dist\compiler-core.cjs.prod.js:3012:13)
    at Object.parse (D:\xuexiaojun\QClawWorkspace\IPD-ProjectPlatform\src\frontend\node_modules\.pnpm\@vue+compiler-dom@3.5.32\node_modules\@vue\compiler-dom\dist\compiler-dom.cjs.prod.js:665:23)
    at Object.parse$1 [as parse] (D:\xuexiaojun\QClawWorkspace\IPD-ProjectPlatform\src\frontend\node_modules\.pnpm\@vue+compiler-sfc@3.5.32\node_modules\@vue\compiler-sfc\dist\compiler-sfc.cjs.js:1824:24)
    at createDescriptor (file:///D:/xuexiaojun/QClawWorkspace/IPD-ProjectPlatform/src/frontend/node_modules/.pnpm/@vitejs+plugin-vue@5.2.4_vi_59f4db893c2bb0fbdd9b98cdf02d8156/node_modules/@vitejs/plugin-vue/dist/index.mjs:71:43)
    at transformMain (file:///D:/xuexiaojun/QClawWorkspace/IPD-ProjectPlatform/src/frontend/node_modules/.pnpm/@vitejs+plugin-vue@5.2.4_vi_59f4db893c2bb0fbdd9b98cdf02d8156/node_modules/@vitejs/plugin-vue/dist/index.mjs:2421:34)
    at Object.transform (file:///D:/xuexiaojun/QClawWorkspace/IPD-ProjectPlatform/src/frontend/node_modules/.pnpm/@vitejs+plugin-vue@5.2.4_vi_59f4db893c2bb0fbdd9b98cdf02d8156/node_modules/@vitejs/plugin-vue/dist/index.mjs:3053:16)[39m
 ELIFECYCLE  Command failed with exit code 1.
