
> ipd-platform-frontend@1.0.0 build D:\xuexiaojun\QClawWorkspace\IPD-ProjectPlatform\src\frontend
> vite build

[36mvite v5.4.21 [32mbuilding for production...[36m[39m
transforming...
[1m[33m[plugin:vite:esbuild][39m[22m [33m[plugin vite:esbuild] src/views/QaManagement.vue?vue&type=script&setup=true&lang.ts: [33mThis assignment will throw because "caseFilters" is a constant[33m
210|                    }),
211|                    _createVNode(_component_el_button, {
212|                      onClick: _cache[4] || (_cache[4] = ($event: any) => {caseFilters = {keyword:'',module:''}; fetchCases()})
   |                                                                           ^
213|                    }, {
214|                      default: _withCtx(() => [...(_cache[32] || (_cache[32] = [
[39m
[1m[33m[plugin:vite:esbuild][39m[22m [33m[plugin vite:esbuild] src/views/QaManagement.vue?vue&type=script&setup=true&lang.ts: [33mThis assignment will throw because "bugFilters" is a constant[33m
467|                    }),
468|                    _createVNode(_component_el_button, {
469|                      onClick: _cache[11] || (_cache[11] = ($event: any) => {bugFilters = {keyword:'',severity:undefined,status:undefined}; fetchBugs()})
   |                                                                             ^
470|                    }, {
471|                      default: _withCtx(() => [...(_cache[37] || (_cache[37] = [
[39m
[32m✓[39m 2250 modules transformed.
[31mx[39m Build failed in 4.80s
[31merror during build:
[31msrc/views/Layout.vue?vue&type=script&setup=true&lang.ts (26:57): "Passed" is not exported by "node_modules/.pnpm/@element-plus+icons-vue@2.3.2_vue@3.5.32_typescript@5.9.3_/node_modules/@element-plus/icons-vue/dist/index.js", imported by "src/views/Layout.vue?vue&type=script&setup=true&lang.ts".[31m
file: [36mD:/xuexiaojun/QClawWorkspace/IPD-ProjectPlatform/src/frontend/src/views/Layout.vue?vue&type=script&setup=true&lang.ts:26:57[31m
[33m
24: import { useUserStore } from '@/stores/user'
25: import {
26:   HomeFilled, Document, FolderOpened, List, Grid, Guide, Passed, Reading,
                                                             ^
27:   User, Bell, Fold, Expand, ArrowDown, SwitchButton
28: } from '@element-plus/icons-vue'
[31m
    at getRollupError (file:///D:/xuexiaojun/QClawWorkspace/IPD-ProjectPlatform/src/frontend/node_modules/.pnpm/rollup@4.60.1/node_modules/rollup/dist/es/shared/parseAst.js:406:41)
    at error (file:///D:/xuexiaojun/QClawWorkspace/IPD-ProjectPlatform/src/frontend/node_modules/.pnpm/rollup@4.60.1/node_modules/rollup/dist/es/shared/parseAst.js:402:42)
    at Module.error (file:///D:/xuexiaojun/QClawWorkspace/IPD-ProjectPlatform/src/frontend/node_modules/.pnpm/rollup@4.60.1/node_modules/rollup/dist/es/shared/node-entry.js:17380:16)
    at Module.traceVariable (file:///D:/xuexiaojun/QClawWorkspace/IPD-ProjectPlatform/src/frontend/node_modules/.pnpm/rollup@4.60.1/node_modules/rollup/dist/es/shared/node-entry.js:17813:29)
    at ModuleScope.findVariable (file:///D:/xuexiaojun/QClawWorkspace/IPD-ProjectPlatform/src/frontend/node_modules/.pnpm/rollup@4.60.1/node_modules/rollup/dist/es/shared/node-entry.js:15403:39)
    at ChildScope.findVariable (file:///D:/xuexiaojun/QClawWorkspace/IPD-ProjectPlatform/src/frontend/node_modules/.pnpm/rollup@4.60.1/node_modules/rollup/dist/es/shared/node-entry.js:5676:38)
    at FunctionScope.findVariable (file:///D:/xuexiaojun/QClawWorkspace/IPD-ProjectPlatform/src/frontend/node_modules/.pnpm/rollup@4.60.1/node_modules/rollup/dist/es/shared/node-entry.js:5676:38)
    at FunctionBodyScope.findVariable (file:///D:/xuexiaojun/QClawWorkspace/IPD-ProjectPlatform/src/frontend/node_modules/.pnpm/rollup@4.60.1/node_modules/rollup/dist/es/shared/node-entry.js:5676:38)
    at ReturnValueScope.findVariable (file:///D:/xuexiaojun/QClawWorkspace/IPD-ProjectPlatform/src/frontend/node_modules/.pnpm/rollup@4.60.1/node_modules/rollup/dist/es/shared/node-entry.js:5676:38)
    at FunctionBodyScope.findVariable (file:///D:/xuexiaojun/QClawWorkspace/IPD-ProjectPlatform/src/frontend/node_modules/.pnpm/rollup@4.60.1/node_modules/rollup/dist/es/shared/node-entry.js:5676:38)[39m
 ELIFECYCLE  Command failed with exit code 1.
