
> ipd-platform-frontend@1.0.0 build D:\xuexiaojun\QClawWorkspace\IPD-ProjectPlatform\src\frontend
> vite build

[36mvite v5.4.21 [32mbuilding for production...[36m[39m
transforming...
[1m[33m[plugin:vite:esbuild][39m[22m [33m[plugin vite:esbuild] src/views/QaManagement.vue?vue&type=script&setup=true&lang.ts: [33mThis assignment will throw because "caseFilters" is a constant[33m
210|                    }),
211|                    _createVNode(_component_el_button, {
212|                      onClick: _cache[4] || (_cache[4] = ($event: any) => {caseFilters = {keyword:'',module:''}; fetchCases()})
   |                                                                           ^
213|                    }, {
214|                      default: _withCtx(() => [...(_cache[32] || (_cache[32] = [
[39m
[1m[33m[plugin:vite:esbuild][39m[22m [33m[plugin vite:esbuild] src/views/QaManagement.vue?vue&type=script&setup=true&lang.ts: [33mThis assignment will throw because "bugFilters" is a constant[33m
467|                    }),
468|                    _createVNode(_component_el_button, {
469|                      onClick: _cache[11] || (_cache[11] = ($event: any) => {bugFilters = {keyword:'',severity:undefined,status:undefined}; fetchBugs()})
   |                                                                             ^
470|                    }, {
471|                      default: _withCtx(() => [...(_cache[37] || (_cache[37] = [
[39m
[32m✓[39m 2250 modules transformed.
rendering chunks...
computing gzip size...
[2mdist/[22m[32mindex.html                        [39m[1m[2m    0.46 kB[22m[1m[22m[2m │ gzip:   0.34 kB[22m
[2mdist/[22m[35massets/Profile-BjURncQ0.css       [39m[1m[2m    0.12 kB[22m[1m[22m[2m │ gzip:   0.12 kB[22m
[2mdist/[22m[35massets/Tasks-Ei30eaII.css         [39m[1m[2m    0.35 kB[22m[1m[22m[2m │ gzip:   0.20 kB[22m
[2mdist/[22m[35massets/QaManagement-BEDkhHH-.css  [39m[1m[2m    0.35 kB[22m[1m[22m[2m │ gzip:   0.20 kB[22m
[2mdist/[22m[35massets/Requirements-kI2uWJ3e.css  [39m[1m[2m    0.35 kB[22m[1m[22m[2m │ gzip:   0.20 kB[22m
[2mdist/[22m[35massets/Reviews-CQ6xbkUO.css       [39m[1m[2m    0.58 kB[22m[1m[22m[2m │ gzip:   0.27 kB[22m
[2mdist/[22m[35massets/Documents-0YFBstl7.css     [39m[1m[2m    0.61 kB[22m[1m[22m[2m │ gzip:   0.29 kB[22m
[2mdist/[22m[35massets/Sprints-C5586P5q.css       [39m[1m[2m    1.11 kB[22m[1m[22m[2m │ gzip:   0.42 kB[22m
[2mdist/[22m[35massets/Projects-DQj_1Ltq.css      [39m[1m[2m    4.34 kB[22m[1m[22m[2m │ gzip:   1.13 kB[22m
[2mdist/[22m[35massets/Layout-DZezZBCm.css        [39m[1m[2m    4.91 kB[22m[1m[22m[2m │ gzip:   1.50 kB[22m
[2mdist/[22m[35massets/Login-Dm1aqO1d.css         [39m[1m[2m    5.44 kB[22m[1m[22m[2m │ gzip:   1.46 kB[22m
[2mdist/[22m[35massets/Dashboard-Vp-txWZj.css     [39m[1m[2m    7.54 kB[22m[1m[22m[2m │ gzip:   1.73 kB[22m
[2mdist/[22m[35massets/index-DgbHUIXY.css         [39m[1m[2m  367.75 kB[22m[1m[22m[2m │ gzip:  50.49 kB[22m
[2mdist/[22m[36massets/project-DAALy7nq.js        [39m[1m[2m    0.11 kB[22m[1m[22m[2m │ gzip:   0.12 kB[22m
[2mdist/[22m[36massets/Profile-DZyCa6ml.js        [39m[1m[2m    1.42 kB[22m[1m[22m[2m │ gzip:   0.70 kB[22m
[2mdist/[22m[36massets/Login-DyOAcDqj.js          [39m[1m[2m    4.49 kB[22m[1m[22m[2m │ gzip:   2.27 kB[22m
[2mdist/[22m[36massets/Layout-CHxa4bIO.js         [39m[1m[2m    5.22 kB[22m[1m[22m[2m │ gzip:   2.18 kB[22m
[2mdist/[22m[36massets/Documents-Cbz63N2X.js      [39m[1m[2m    5.98 kB[22m[1m[22m[2m │ gzip:   2.39 kB[22m
[2mdist/[22m[36massets/Tasks-qstbTumE.js          [39m[1m[2m    7.86 kB[22m[1m[22m[2m │ gzip:   3.02 kB[22m
[2mdist/[22m[36massets/Requirements-BhBXTIKQ.js   [39m[1m[2m    7.89 kB[22m[1m[22m[2m │ gzip:   3.05 kB[22m
[2mdist/[22m[36massets/Projects-DLpzyPYm.js       [39m[1m[2m    9.29 kB[22m[1m[22m[2m │ gzip:   3.93 kB[22m
[2mdist/[22m[36massets/Reviews-mUU2RjsY.js        [39m[1m[2m    9.56 kB[22m[1m[22m[2m │ gzip:   3.34 kB[22m
[2mdist/[22m[36massets/Dashboard-ClM4oxBn.js      [39m[1m[2m    9.62 kB[22m[1m[22m[2m │ gzip:   3.63 kB[22m
[2mdist/[22m[36massets/QaManagement-BCXbAkPb.js   [39m[1m[2m   13.11 kB[22m[1m[22m[2m │ gzip:   3.79 kB[22m
[2mdist/[22m[36massets/Sprints-Df3SRyIM.js        [39m[1m[33m1,046.43 kB[39m[22m[2m │ gzip: 347.52 kB[22m
[2mdist/[22m[36massets/index-C4d7qmgx.js          [39m[1m[33m1,209.47 kB[39m[22m[2m │ gzip: 391.27 kB[22m
[33m
(!) Some chunks are larger than 500 kB after minification. Consider:
- Using dynamic import() to code-split the application
- Use build.rollupOptions.output.manualChunks to improve chunking: https://rollupjs.org/configuration-options/#output-manualchunks
- Adjust chunk size limit for this warning via build.chunkSizeWarningLimit.[39m
[32m✓ built in 9.45s[39m
